<?xml version="1.0" encoding="UTF-8"?>
<!-- Generated by org.testng.reporters.JUnitReportReporter -->
<testsuite hostname="DESKTOP-6ST94J7" failures="0" tests="1" name="com.assurencewireless.coverageMap.LifeLineServiceTest" time="0.033" errors="0" timestamp="2021-03-19T18:33:31 EDT" skipped="0">
  <testcase classname="com.assurencewireless.coverageMap.LifeLineServiceTest" name="lifeLineService_WhatisLiceLine" time="0.033"/>
</testsuite> <!-- com.assurencewireless.coverageMap.LifeLineServiceTest -->
